<?xml version="1.0" encoding="UTF-8"?>
<!-- Generated by org.testng.reporters.JUnitReportReporter -->
<testsuite hostname="DESKTOP-U7LEM7P" failures="0" tests="3" name="com.crm.qa.testcases.HomePageTest" time="102.621" errors="0" timestamp="2023-08-10T17:42:53 IST" skipped="0">
  <testcase classname="com.crm.qa.testcases.HomePageTest" name="verifyHomePageTitleTest" time="28.495"/>
  <system-out/>
  <testcase classname="com.crm.qa.testcases.HomePageTest" name="verifyusernameTest" time="38.440"/>
  <system-out/>
  <testcase classname="com.crm.qa.testcases.HomePageTest" name="clickOnConctsLinkTest" time="35.686"/>
  <system-out/>
</testsuite> <!-- com.crm.qa.testcases.HomePageTest -->
