<?xml version="1.0" encoding="UTF-8"?>
<!-- Generated by org.testng.reporters.JUnitReportReporter -->
<testsuite hostname="DESKTOP-U7LEM7P" failures="0" tests="2" name="com.crm.qa.testcases.LoginPageTest" time="48.124" errors="0" timestamp="2024-07-04T20:36:14 IST" skipped="0">
  <testcase classname="com.crm.qa.testcases.LoginPageTest" name="loginPageTitle" time="22.602"/>
  <system-out/>
  <testcase classname="com.crm.qa.testcases.LoginPageTest" name="loginTest" time="25.522"/>
  <system-out/>
</testsuite> <!-- com.crm.qa.testcases.LoginPageTest -->
