<?xml version="1.0" encoding="UTF-8"?>
<!-- Generated by org.testng.reporters.JUnitReportReporter -->
<testsuite hostname="DESKTOP-U7LEM7P" failures="0" tests="2" name="com.crm.qa.testcases.LoginPageTest" time="51.260" errors="0" timestamp="2020-09-16T12:26:07 IST" skipped="0">
  <testcase classname="com.crm.qa.testcases.LoginPageTest" name="loginPageTitle" time="20.243"/>
  <system-out/>
  <testcase classname="com.crm.qa.testcases.LoginPageTest" name="loginTest" time="31.017"/>
  <system-out/>
</testsuite> <!-- com.crm.qa.testcases.LoginPageTest -->
