<?xml version="1.0" encoding="UTF-8"?>
<!-- Generated by org.testng.reporters.JUnitReportReporter -->
<testsuite hostname="DESKTOP-U7LEM7P" failures="0" tests="3" name="com.crm.qa.testcases.HomePageTest" time="50.517" errors="0" timestamp="2020-08-24T12:43:43 IST" skipped="0">
  <testcase classname="com.crm.qa.testcases.HomePageTest" name="verifyHomePageTitleTest" time="16.608"/>
  <system-out/>
  <testcase classname="com.crm.qa.testcases.HomePageTest" name="verifyusernameTest" time="17.426"/>
  <system-out/>
  <testcase classname="com.crm.qa.testcases.HomePageTest" name="clickOnConctsLinkTest" time="16.483"/>
  <system-out/>
</testsuite> <!-- com.crm.qa.testcases.HomePageTest -->
