<?xml version="1.0" encoding="UTF-8"?>
<!-- Generated by org.testng.reporters.JUnitReportReporter -->
<testsuite hostname="DESKTOP-U7LEM7P" failures="0" tests="2" name="com.crm.qa.testcases.LoginPageTest" time="32.748" errors="0" timestamp="2020-08-24T12:43:43 IST" skipped="0">
  <testcase classname="com.crm.qa.testcases.LoginPageTest" name="loginPageTitle" time="14.318"/>
  <system-out/>
  <testcase classname="com.crm.qa.testcases.LoginPageTest" name="loginTest" time="18.430"/>
  <system-out/>
</testsuite> <!-- com.crm.qa.testcases.LoginPageTest -->
