<?xml version="1.0" encoding="UTF-8"?>
<!-- Generated by org.testng.reporters.JUnitReportReporter -->
<testsuite hostname="DESKTOP-U7LEM7P" failures="0" tests="2" name="com.crm.qa.testcases.LoginPageTest" time="43.077" errors="0" timestamp="2024-09-10T23:31:18 IST" skipped="0">
  <testcase classname="com.crm.qa.testcases.LoginPageTest" name="loginPageTitle" time="27.396"/>
  <system-out/>
  <testcase classname="com.crm.qa.testcases.LoginPageTest" name="loginTest" time="15.681"/>
  <system-out/>
</testsuite> <!-- com.crm.qa.testcases.LoginPageTest -->
