<?xml version="1.0" encoding="UTF-8"?>
<!-- Generated by org.testng.reporters.JUnitReportReporter -->
<testsuite hostname="DESKTOP-U7LEM7P" failures="0" tests="2" name="com.crm.qa.testcases.LoginPageTest" time="60.209" errors="0" timestamp="2024-10-17T19:44:03 IST" skipped="0">
  <testcase classname="com.crm.qa.testcases.LoginPageTest" name="loginPageTitle" time="38.660"/>
  <system-out/>
  <testcase classname="com.crm.qa.testcases.LoginPageTest" name="loginTest" time="21.549"/>
  <system-out/>
</testsuite> <!-- com.crm.qa.testcases.LoginPageTest -->
